<?xml version="1.0" encoding="UTF-8"?>
<!-- Generated by org.testng.reporters.JUnitXMLReporter -->
<testsuite ignored="0" hostname="LAPTOP-RH55RME4" failures="1" tests="1" name="TestOrangeHRM" time="21.691" errors="0" timestamp="2023-08-31T10:09:44 IST">
  <testcase classname="TestNGExtentReports.BaseMethod" name="login" time="11.62">
    <failure type="java.lang.AssertionError" message="expected [abhilash] but found [wesly tester]">
      <![CDATA[java.lang.AssertionError: expected [abhilash] but found [wesly tester]
at TestNGExtentReports.BaseMethod.login(BaseMethod.java:24)
at java.base/java.util.ArrayList.forEach(ArrayList.java:1511)
... Removed 31 stack frames]]>
    </failure>
  </testcase> <!-- login -->
</testsuite> <!-- TestOrangeHRM -->
